<?xml version="1.0" encoding="UTF-8"?>
<!-- Generated by org.testng.reporters.JUnitXMLReporter -->
<testsuite hostname="lin51011585" failures="1" tests="1" name="Test" time="10.709" errors="0" timestamp="14 Feb 2022 14:50:34 GMT">
  <testcase classname="Academy.validationAssertion" name="basePageNavigation" time="0.357">
    <failure type="org.junit.ComparisonFailure" message="expected:&amp;lt;FEATURED COU[]RSES&amp;gt; but was:&amp;lt;FEATURED COU[123]RSES&amp;gt;">
      <![CDATA[org.junit.ComparisonFailure: expected:<FEATURED COU[]RSES> but was:<FEATURED COU[123]RSES>
	at org.junit.Assert.assertEquals(Assert.java:115)
	at org.junit.Assert.assertEquals(Assert.java:144)
	at Academy.validationAssertion.basePageNavigation(validationAssertion.java:43)
... Removed 24 stack frames]]>
    </failure>
  </testcase> <!-- basePageNavigation -->
</testsuite> <!-- Test -->
