<?xml version="1.0" encoding="UTF-8"?>
<!-- Generated by org.testng.reporters.JUnitXMLReporter -->
<testsuite hostname="lin51011585" failures="1" tests="1" name="Test" time="6.825" errors="0" timestamp="11 Feb 2022 15:54:35 GMT">
  <testcase classname="Academy.validationAssertion" name="basePageNavigation" time="0.337">
    <failure type="org.junit.ComparisonFailure" message="expected:&amp;lt;FEATURED COU[]RSES&amp;gt; but was:&amp;lt;FEATURED COU[123]RSES&amp;gt;">
      <![CDATA[org.junit.ComparisonFailure: expected:<FEATURED COU[]RSES> but was:<FEATURED COU[123]RSES>
	at org.junit.Assert.assertEquals(Assert.java:115)
	at org.junit.Assert.assertEquals(Assert.java:144)
	at Academy.validationAssertion.basePageNavigation(validationAssertion.java:43)
	at org.apache.maven.surefire.testng.TestNGExecutor.run(TestNGExecutor.java:284)
	at org.apache.maven.surefire.testng.TestNGXmlTestSuite.execute(TestNGXmlTestSuite.java:75)
	at org.apache.maven.surefire.testng.TestNGProvider.invoke(TestNGProvider.java:119)
	at org.apache.maven.surefire.booter.ForkedBooter.runSuitesInProcess(ForkedBooter.java:428)
	at org.apache.maven.surefire.booter.ForkedBooter.execute(ForkedBooter.java:162)
	at org.apache.maven.surefire.booter.ForkedBooter.run(ForkedBooter.java:562)
	at org.apache.maven.surefire.booter.ForkedBooter.main(ForkedBooter.java:548)
... Removed 21 stack frames]]>
    </failure>
  </testcase> <!-- basePageNavigation -->
</testsuite> <!-- Test -->
