-------------------------------------------------------------------------------
Test set: TestSuite
-------------------------------------------------------------------------------
Tests run: 3, Failures: 1, Errors: 0, Skipped: 0, Time elapsed: 18.666 s <<< FAILURE! - in TestSuite
Academy.validationAssertion.basePageNavigation  Time elapsed: 0.195 s  <<< FAILURE!
org.junit.ComparisonFailure: expected:<FEATURED COU[]RSES> but was:<FEATURED COU[123]RSES>
	at Academy.validationAssertion.basePageNavigation(validationAssertion.java:43)

