<?xml version="1.0" encoding="UTF-8"?>
<testng-results total="3" passed="2" failed="1" skipped="0">
  <reporter-output>
  </reporter-output>
  <suite started-at="2022-02-11T15:54:28Z" name="Suite" finished-at="2022-02-11T15:54:44Z" duration-ms="16250">
    <groups>
    </groups>
    <test started-at="2022-02-11T15:54:28Z" name="Test" finished-at="2022-02-11T15:54:35Z" duration-ms="6825">
      <class name="Academy.validationAssertion">
        <test-method is-config="true" signature="browserStart()[pri:0, instance:Academy.validationAssertion@3d3ba765]" started-at="2022-02-11T21:24:28Z" name="browserStart" finished-at="2022-02-11T21:24:34Z" duration-ms="6115" status="PASS">
          <reporter-output>
          </reporter-output>
        </test-method> <!-- browserStart -->
        <test-method signature="basePageNavigation()[pri:0, instance:Academy.validationAssertion@3d3ba765]" started-at="2022-02-11T21:24:34Z" name="basePageNavigation" finished-at="2022-02-11T21:24:35Z" duration-ms="337" status="FAIL">
          <exception class="org.junit.ComparisonFailure">
            <message>
              <![CDATA[expected:<FEATURED COU[]RSES> but was:<FEATURED COU[123]RSES>]]>
            </message>
            <full-stacktrace>
              <![CDATA[org.junit.ComparisonFailure: expected:<FEATURED COU[]RSES> but was:<FEATURED COU[123]RSES>
	at org.junit.Assert.assertEquals(Assert.java:115)
	at org.junit.Assert.assertEquals(Assert.java:144)
	at Academy.validationAssertion.basePageNavigation(validationAssertion.java:43)
	at java.base/jdk.internal.reflect.NativeMethodAccessorImpl.invoke0(Native Method)
	at java.base/jdk.internal.reflect.NativeMethodAccessorImpl.invoke(NativeMethodAccessorImpl.java:64)
	at java.base/jdk.internal.reflect.DelegatingMethodAccessorImpl.invoke(DelegatingMethodAccessorImpl.java:43)
	at java.base/java.lang.reflect.Method.invoke(Method.java:564)
	at org.testng.internal.MethodInvocationHelper.invokeMethod(MethodInvocationHelper.java:80)
	at org.testng.internal.Invoker.invokeMethod(Invoker.java:714)
	at org.testng.internal.Invoker.invokeTestMethod(Invoker.java:901)
	at org.testng.internal.Invoker.invokeTestMethods(Invoker.java:1231)
	at org.testng.internal.TestMethodWorker.invokeTestMethods(TestMethodWorker.java:127)
	at org.testng.internal.TestMethodWorker.run(TestMethodWorker.java:111)
	at org.testng.TestRunner.privateRun(TestRunner.java:767)
	at org.testng.TestRunner.run(TestRunner.java:617)
	at org.testng.SuiteRunner.runTest(SuiteRunner.java:334)
	at org.testng.SuiteRunner.runSequentially(SuiteRunner.java:329)
	at org.testng.SuiteRunner.privateRun(SuiteRunner.java:291)
	at org.testng.SuiteRunner.run(SuiteRunner.java:240)
	at org.testng.SuiteRunnerWorker.runSuite(SuiteRunnerWorker.java:52)
	at org.testng.SuiteRunnerWorker.run(SuiteRunnerWorker.java:86)
	at org.testng.TestNG.runSuitesSequentially(TestNG.java:1198)
	at org.testng.TestNG.runSuitesLocally(TestNG.java:1123)
	at org.testng.TestNG.run(TestNG.java:1031)
	at org.apache.maven.surefire.testng.TestNGExecutor.run(TestNGExecutor.java:284)
	at org.apache.maven.surefire.testng.TestNGXmlTestSuite.execute(TestNGXmlTestSuite.java:75)
	at org.apache.maven.surefire.testng.TestNGProvider.invoke(TestNGProvider.java:119)
	at org.apache.maven.surefire.booter.ForkedBooter.runSuitesInProcess(ForkedBooter.java:428)
	at org.apache.maven.surefire.booter.ForkedBooter.execute(ForkedBooter.java:162)
	at org.apache.maven.surefire.booter.ForkedBooter.run(ForkedBooter.java:562)
	at org.apache.maven.surefire.booter.ForkedBooter.main(ForkedBooter.java:548)
]]>
            </full-stacktrace>
          </exception> <!-- org.junit.ComparisonFailure -->
          <reporter-output>
          </reporter-output>
        </test-method> <!-- basePageNavigation -->
        <test-method is-config="true" signature="browserCloser()[pri:0, instance:Academy.validationAssertion@3d3ba765]" started-at="2022-02-11T21:24:35Z" name="browserCloser" finished-at="2022-02-11T21:24:35Z" duration-ms="345" status="PASS">
          <reporter-output>
          </reporter-output>
        </test-method> <!-- browserCloser -->
      </class> <!-- Academy.validationAssertion -->
    </test> <!-- Test -->
    <test started-at="2022-02-11T15:54:35Z" name="AppTest" finished-at="2022-02-11T15:54:44Z" duration-ms="9349">
      <class name="Academy.HomePage">
        <test-method is-config="true" signature="browserStart()[pri:0, instance:Academy.HomePage@c1bd0be]" started-at="2022-02-11T21:24:35Z" name="browserStart" finished-at="2022-02-11T21:24:38Z" duration-ms="2552" status="PASS">
          <reporter-output>
          </reporter-output>
        </test-method> <!-- browserStart -->
        <test-method signature="basePageNavigation(java.lang.String, java.lang.String, java.lang.String)[pri:0, instance:Academy.HomePage@c1bd0be]" started-at="2022-02-11T21:24:38Z" name="basePageNavigation" data-provider="getData" finished-at="2022-02-11T21:24:42Z" duration-ms="4198" status="PASS">
          <params>
            <param index="0">
              <value>
                <![CDATA[sanketagupta@gmail.com]]>
              </value>
            </param>
            <param index="1">
              <value>
                <![CDATA[Abc123]]>
              </value>
            </param>
            <param index="2">
              <value>
                <![CDATA[Valid user]]>
              </value>
            </param>
          </params>
          <reporter-output>
          </reporter-output>
        </test-method> <!-- basePageNavigation -->
        <test-method signature="basePageNavigation(java.lang.String, java.lang.String, java.lang.String)[pri:0, instance:Academy.HomePage@c1bd0be]" started-at="2022-02-11T21:24:42Z" name="basePageNavigation" data-provider="getData" finished-at="2022-02-11T21:24:44Z" duration-ms="2456" status="PASS">
          <params>
            <param index="0">
              <value>
                <![CDATA[nehaagupta@gmail.com]]>
              </value>
            </param>
            <param index="1">
              <value>
                <![CDATA[Abc13]]>
              </value>
            </param>
            <param index="2">
              <value>
                <![CDATA[InValid user]]>
              </value>
            </param>
          </params>
          <reporter-output>
          </reporter-output>
        </test-method> <!-- basePageNavigation -->
        <test-method is-config="true" signature="browserCloser()[pri:0, instance:Academy.HomePage@c1bd0be]" started-at="2022-02-11T21:24:44Z" name="browserCloser" finished-at="2022-02-11T21:24:44Z" duration-ms="141" status="PASS">
          <reporter-output>
          </reporter-output>
        </test-method> <!-- browserCloser -->
      </class> <!-- Academy.HomePage -->
    </test> <!-- AppTest -->
  </suite> <!-- Suite -->
</testng-results>
