<?xml version="1.0" encoding="UTF-8"?>
<testng-results total="3" passed="2" failed="1" skipped="0">
  <reporter-output>
  </reporter-output>
  <suite started-at="2022-02-14T14:50:23Z" name="Suite" finished-at="2022-02-14T14:50:48Z" duration-ms="24736">
    <groups>
    </groups>
    <test started-at="2022-02-14T14:50:23Z" name="Test" finished-at="2022-02-14T14:50:34Z" duration-ms="10709">
      <class name="Academy.validationAssertion">
        <test-method is-config="true" signature="browserStart()[pri:0, instance:Academy.validationAssertion@6f0628de]" started-at="2022-02-14T20:20:23Z" name="browserStart" finished-at="2022-02-14T20:20:33Z" duration-ms="9310" status="PASS">
          <reporter-output>
          </reporter-output>
        </test-method> <!-- browserStart -->
        <test-method signature="basePageNavigation()[pri:0, instance:Academy.validationAssertion@6f0628de]" started-at="2022-02-14T20:20:33Z" name="basePageNavigation" finished-at="2022-02-14T20:20:33Z" duration-ms="357" status="FAIL">
          <exception class="org.junit.ComparisonFailure">
            <message>
              <![CDATA[expected:<FEATURED COU[]RSES> but was:<FEATURED COU[123]RSES>]]>
            </message>
            <full-stacktrace>
              <![CDATA[org.junit.ComparisonFailure: expected:<FEATURED COU[]RSES> but was:<FEATURED COU[123]RSES>
	at org.junit.Assert.assertEquals(Assert.java:115)
	at org.junit.Assert.assertEquals(Assert.java:144)
	at Academy.validationAssertion.basePageNavigation(validationAssertion.java:43)
	at java.base/jdk.internal.reflect.NativeMethodAccessorImpl.invoke0(Native Method)
	at java.base/jdk.internal.reflect.NativeMethodAccessorImpl.invoke(NativeMethodAccessorImpl.java:78)
	at java.base/jdk.internal.reflect.DelegatingMethodAccessorImpl.invoke(DelegatingMethodAccessorImpl.java:43)
	at java.base/java.lang.reflect.Method.invoke(Method.java:567)
	at org.testng.internal.MethodInvocationHelper.invokeMethod(MethodInvocationHelper.java:80)
	at org.testng.internal.Invoker.invokeMethod(Invoker.java:714)
	at org.testng.internal.Invoker.invokeTestMethod(Invoker.java:901)
	at org.testng.internal.Invoker.invokeTestMethods(Invoker.java:1231)
	at org.testng.internal.TestMethodWorker.invokeTestMethods(TestMethodWorker.java:127)
	at org.testng.internal.TestMethodWorker.run(TestMethodWorker.java:111)
	at org.testng.TestRunner.privateRun(TestRunner.java:767)
	at org.testng.TestRunner.run(TestRunner.java:617)
	at org.testng.SuiteRunner.runTest(SuiteRunner.java:334)
	at org.testng.SuiteRunner.runSequentially(SuiteRunner.java:329)
	at org.testng.SuiteRunner.privateRun(SuiteRunner.java:291)
	at org.testng.SuiteRunner.run(SuiteRunner.java:240)
	at org.testng.SuiteRunnerWorker.runSuite(SuiteRunnerWorker.java:52)
	at org.testng.SuiteRunnerWorker.run(SuiteRunnerWorker.java:86)
	at org.testng.TestNG.runSuitesSequentially(TestNG.java:1198)
	at org.testng.TestNG.runSuitesLocally(TestNG.java:1123)
	at org.testng.TestNG.run(TestNG.java:1031)
	at org.testng.remote.AbstractRemoteTestNG.run(AbstractRemoteTestNG.java:115)
	at org.testng.remote.RemoteTestNG.initAndRun(RemoteTestNG.java:251)
	at org.testng.remote.RemoteTestNG.main(RemoteTestNG.java:77)
]]>
            </full-stacktrace>
          </exception> <!-- org.junit.ComparisonFailure -->
          <reporter-output>
          </reporter-output>
        </test-method> <!-- basePageNavigation -->
        <test-method is-config="true" signature="browserCloser()[pri:0, instance:Academy.validationAssertion@6f0628de]" started-at="2022-02-14T20:20:34Z" name="browserCloser" finished-at="2022-02-14T20:20:34Z" duration-ms="350" status="PASS">
          <reporter-output>
          </reporter-output>
        </test-method> <!-- browserCloser -->
      </class> <!-- Academy.validationAssertion -->
    </test> <!-- Test -->
    <test started-at="2022-02-14T14:50:34Z" name="AppTest" finished-at="2022-02-14T14:50:48Z" duration-ms="13969">
      <class name="Academy.HomePage">
        <test-method is-config="true" signature="browserStart()[pri:0, instance:Academy.HomePage@1968a49c]" started-at="2022-02-14T20:20:34Z" name="browserStart" finished-at="2022-02-14T20:20:37Z" duration-ms="3133" status="PASS">
          <reporter-output>
          </reporter-output>
        </test-method> <!-- browserStart -->
        <test-method signature="basePageNavigation(java.lang.String, java.lang.String, java.lang.String)[pri:0, instance:Academy.HomePage@1968a49c]" started-at="2022-02-14T20:20:37Z" name="basePageNavigation" data-provider="getData" finished-at="2022-02-14T20:20:42Z" duration-ms="4850" status="PASS">
          <params>
            <param index="0">
              <value>
                <![CDATA[sanketagupta@gmail.com]]>
              </value>
            </param>
            <param index="1">
              <value>
                <![CDATA[Abc123]]>
              </value>
            </param>
            <param index="2">
              <value>
                <![CDATA[Valid user]]>
              </value>
            </param>
          </params>
          <reporter-output>
          </reporter-output>
        </test-method> <!-- basePageNavigation -->
        <test-method signature="basePageNavigation(java.lang.String, java.lang.String, java.lang.String)[pri:0, instance:Academy.HomePage@1968a49c]" started-at="2022-02-14T20:20:42Z" name="basePageNavigation" data-provider="getData" finished-at="2022-02-14T20:20:48Z" duration-ms="5535" status="PASS">
          <params>
            <param index="0">
              <value>
                <![CDATA[nehaagupta@gmail.com]]>
              </value>
            </param>
            <param index="1">
              <value>
                <![CDATA[Abc13]]>
              </value>
            </param>
            <param index="2">
              <value>
                <![CDATA[InValid user]]>
              </value>
            </param>
          </params>
          <reporter-output>
          </reporter-output>
        </test-method> <!-- basePageNavigation -->
        <test-method is-config="true" signature="browserCloser()[pri:0, instance:Academy.HomePage@1968a49c]" started-at="2022-02-14T20:20:48Z" name="browserCloser" finished-at="2022-02-14T20:20:48Z" duration-ms="425" status="PASS">
          <reporter-output>
          </reporter-output>
        </test-method> <!-- browserCloser -->
      </class> <!-- Academy.HomePage -->
    </test> <!-- AppTest -->
  </suite> <!-- Suite -->
</testng-results>
